<?xml version="1.0" encoding="UTF-8"?>
<testng-results skipped="0" failed="0" ignored="0" total="2" passed="2">
  <reporter-output>
  </reporter-output>
  <suite name="Default suite" duration-ms="24938" started-at="2020-08-26T22:00:18 EDT" finished-at="2020-08-26T22:00:43 EDT">
    <groups>
    </groups>
    <test name="Default test" duration-ms="24938" started-at="2020-08-26T22:00:18 EDT" finished-at="2020-08-26T22:00:43 EDT">
      <class name="learnInterface.Tcs02_createLead">
        <test-method status="PASS" signature="login()[pri:0, instance:learnInterface.Tcs02_createLead@1c3a4799]" name="login" duration-ms="19835" started-at="2020-08-26T22:00:18 EDT" finished-at="2020-08-26T22:00:38 EDT">
          <reporter-output>
          </reporter-output>
        </test-method> <!-- login -->
        <test-method status="PASS" signature="createlead()[pri:0, instance:learnInterface.Tcs02_createLead@1c3a4799]" name="createlead" duration-ms="5067" started-at="2020-08-26T22:00:38 EDT" finished-at="2020-08-26T22:00:43 EDT">
          <reporter-output>
          </reporter-output>
        </test-method> <!-- createlead -->
      </class> <!-- learnInterface.Tcs02_createLead -->
    </test> <!-- Default test -->
  </suite> <!-- Default suite -->
</testng-results>
